<?xml version="1.0" encoding="UTF-8"?>
<testsuites name="LandingPageTestSuite" time="58.1" tests="1" failures="0" errors="0">
   <testsuite name="LandingPageTestSuite" tests="1" failures="0" errors="0" time="58.1" timestamp="2020-03-29 14:12:01" hostname="javie - DESKTOP-GVM9QB9" id="Test Suites/LandingPageTestSuite">
      <properties>
         <property name="deviceName" value=""/>
         <property name="devicePlatform" value=""/>
         <property name="logFolder" value="C:\\Users\\javie\\Katalon Studio\\PeeBuTests\\Reports\\20200329_141153\\LandingPageTestSuite\\20200329_141153"/>
         <property name="logFiles" value="C:\\Users\\javie\\Katalon Studio\\PeeBuTests\\Reports\\20200329_141153\\LandingPageTestSuite\\20200329_141153\\execution0.log"/>
         <property name="attachments" value=""/>
         <property name="hostName" value="javie - DESKTOP-GVM9QB9"/>
         <property name="os" value="Windows 10 64bit"/>
         <property name="katalonVersion" value="7.2.1.1"/>
         <property name="browser" value="Firefox 74.0"/>
         <property name="hostAddress" value="192.168.44.1"/>
         <property name="sessionId" value="b8b611cf-4f9e-483d-b04c-6360f19f8aef"/>
         <property name="seleniumVersion" value="3.141.59"/>
         <property name="proxyInformation" value="ProxyInformation{proxyOption=NO_PROXY, proxyServerType=HTTP, password=, proxyServerAddress=, proxyServerPort=0, executionList=}"/>
         <property name="platform" value="Windows 10"/>
      </properties>
      <testcase name="Test Cases/RunCheckLandingPageLoadedFeature" time="57.427" classname="Test Cases/RunCheckLandingPageLoadedFeature" status="PASSED">
         <system-out><![CDATA[2020-03-29 14:12:01 - [TEST_CASE][PASSED] - Test Cases/RunCheckLandingPageLoadedFeature: Test Cases/RunCheckLandingPageLoadedFeature

2020-03-29 14:12:02 - [TEST_STEP][PASSED] - runFeatureFile("Include/features/CheckLandingPageLoaded.feature"): Feature file: 'Include/features/CheckLandingPageLoaded.feature' was passed

2020-03-29 14:12:02 - [MESSAGE][INFO] - Starting run keyword runFeatureFile: 'Include/features/CheckLandingPageLoaded.feature' and extract report to folder: 'C:\Users\javie\Katalon Studio\PeeBuTests\Reports\20200329_141153\LandingPageTestSuite\20200329_141153/cucumber_report/1585487522664'...

2020-03-29 14:12:03 - [TEST_CASE][PASSED] - Start Test Case : SCENARIO Check title of the page is present: SCENARIO Check title of the page is present

2020-03-29 14:12:03 - [TEST_STEP][PASSED] - I have the browser open: I have the browser open

2020-03-29 14:12:04 - [MESSAGE][INFO] - Starting 'Firefox' driver

2020-03-29 14:12:04 - [MESSAGE][INFO] - Action delay is set to 0 seconds

2020-03-29 14:12:12 - [MESSAGE][PASSED] - Browser is opened with url: ''

2020-03-29 14:12:12 - [MESSAGE][PASSED] - I have the browser open

2020-03-29 14:12:12 - [TEST_STEP][PASSED] - I navigate to the URL: I navigate to the URL

2020-03-29 14:12:13 - [MESSAGE][PASSED] - Navigate to 'http://localhost:4200/' successfully

2020-03-29 14:12:13 - [MESSAGE][PASSED] - I navigate to the URL

2020-03-29 14:12:13 - [TEST_STEP][PASSED] - I verify that the header "PeeBu" is present: I verify that the header "PeeBu" is present

2020-03-29 14:12:14 - [MESSAGE][PASSED] - Actual text and expected text of test object 'Object Repository/Page_PeeBu/span_Welcome to PeeBu' are matched.

2020-03-29 14:12:14 - [MESSAGE][PASSED] - I verify that the header "PeeBu" is present

2020-03-29 14:12:14 - [TEST_CASE][PASSED] - Start Test Case : SCENARIO Check elements are present: SCENARIO Check elements are present

2020-03-29 14:12:14 - [TEST_STEP][PASSED] - I have the browser open: I have the browser open

2020-03-29 14:12:14 - [MESSAGE][WARNING] - A browser is already opened. Closing browser and opening a new one

2020-03-29 14:12:16 - [MESSAGE][INFO] - Starting 'Firefox' driver

2020-03-29 14:12:23 - [MESSAGE][PASSED] - Browser is opened with url: ''

2020-03-29 14:12:23 - [MESSAGE][PASSED] - I have the browser open

2020-03-29 14:12:23 - [TEST_STEP][PASSED] - I navigate to the URL: I navigate to the URL

2020-03-29 14:12:25 - [MESSAGE][PASSED] - Navigate to 'http://localhost:4200/' successfully

2020-03-29 14:12:25 - [MESSAGE][PASSED] - I navigate to the URL

2020-03-29 14:12:25 - [TEST_STEP][PASSED] - I verify that the element Object Repository/Page_PeeBu/h1_Home is present: I verify that the element Object Repository/Page_PeeBu/h1_Home is present

2020-03-29 14:12:25 - [MESSAGE][WARNING] - Timeout '0' is invalid. Using default page load timeout: '30'

2020-03-29 14:12:28 - [MESSAGE][PASSED] - Object 'Object Repository/Page_PeeBu/h1_Home' is present

2020-03-29 14:12:30 - [MESSAGE][PASSED] - Browser is closed

2020-03-29 14:12:30 - [MESSAGE][PASSED] - I verify that the element Object Repository/Page_PeeBu/h1_Home is present

2020-03-29 14:12:30 - [TEST_CASE][PASSED] - Start Test Case : SCENARIO Check elements are present: SCENARIO Check elements are present

2020-03-29 14:12:30 - [TEST_STEP][PASSED] - I have the browser open: I have the browser open

2020-03-29 14:12:31 - [MESSAGE][INFO] - Starting 'Firefox' driver

2020-03-29 14:12:38 - [MESSAGE][PASSED] - Browser is opened with url: ''

2020-03-29 14:12:38 - [MESSAGE][PASSED] - I have the browser open

2020-03-29 14:12:38 - [TEST_STEP][PASSED] - I navigate to the URL: I navigate to the URL

2020-03-29 14:12:39 - [MESSAGE][PASSED] - Navigate to 'http://localhost:4200/' successfully

2020-03-29 14:12:39 - [MESSAGE][PASSED] - I navigate to the URL

2020-03-29 14:12:39 - [TEST_STEP][PASSED] - I verify that the element Object Repository/Page_PeeBu/h2_Transactions is present: I verify that the element Object Repository/Page_PeeBu/h2_Transactions is present

2020-03-29 14:12:39 - [MESSAGE][WARNING] - Timeout '0' is invalid. Using default page load timeout: '30'

2020-03-29 14:12:39 - [MESSAGE][PASSED] - Object 'Object Repository/Page_PeeBu/h2_Transactions' is present

2020-03-29 14:12:41 - [MESSAGE][PASSED] - Browser is closed

2020-03-29 14:12:41 - [MESSAGE][PASSED] - I verify that the element Object Repository/Page_PeeBu/h2_Transactions is present

2020-03-29 14:12:42 - [TEST_CASE][PASSED] - Start Test Case : SCENARIO Check elements are present: SCENARIO Check elements are present

2020-03-29 14:12:42 - [TEST_STEP][PASSED] - I have the browser open: I have the browser open

2020-03-29 14:12:42 - [MESSAGE][INFO] - Starting 'Firefox' driver

2020-03-29 14:12:46 - [MESSAGE][PASSED] - Browser is opened with url: ''

2020-03-29 14:12:46 - [MESSAGE][PASSED] - I have the browser open

2020-03-29 14:12:46 - [TEST_STEP][PASSED] - I navigate to the URL: I navigate to the URL

2020-03-29 14:12:48 - [MESSAGE][PASSED] - Navigate to 'http://localhost:4200/' successfully

2020-03-29 14:12:48 - [MESSAGE][PASSED] - I navigate to the URL

2020-03-29 14:12:48 - [TEST_STEP][PASSED] - I verify that the element Object Repository/Page_PeeBu/button_Show Chart is present: I verify that the element Object Repository/Page_PeeBu/button_Show Chart is present

2020-03-29 14:12:48 - [MESSAGE][WARNING] - Timeout '0' is invalid. Using default page load timeout: '30'

2020-03-29 14:12:48 - [MESSAGE][PASSED] - Object 'Object Repository/Page_PeeBu/button_Show Chart' is present

2020-03-29 14:12:50 - [MESSAGE][PASSED] - Browser is closed

2020-03-29 14:12:50 - [MESSAGE][PASSED] - I verify that the element Object Repository/Page_PeeBu/button_Show Chart is present

2020-03-29 14:12:50 - [TEST_CASE][PASSED] - Start Test Case : SCENARIO Check elements are present: SCENARIO Check elements are present

2020-03-29 14:12:50 - [TEST_STEP][PASSED] - I have the browser open: I have the browser open

2020-03-29 14:12:50 - [MESSAGE][INFO] - Starting 'Firefox' driver

2020-03-29 14:12:55 - [MESSAGE][PASSED] - Browser is opened with url: ''

2020-03-29 14:12:55 - [MESSAGE][PASSED] - I have the browser open

2020-03-29 14:12:55 - [TEST_STEP][PASSED] - I navigate to the URL: I navigate to the URL

2020-03-29 14:12:56 - [MESSAGE][PASSED] - Navigate to 'http://localhost:4200/' successfully

2020-03-29 14:12:56 - [MESSAGE][PASSED] - I navigate to the URL

2020-03-29 14:12:56 - [TEST_STEP][PASSED] - I verify that the element Object Repository/Page_PeeBu/footer_Polythecnic Of Leiria is present: I verify that the element Object Repository/Page_PeeBu/footer_Polythecnic Of Leiria is present

2020-03-29 14:12:56 - [MESSAGE][WARNING] - Timeout '0' is invalid. Using default page load timeout: '30'

2020-03-29 14:12:57 - [MESSAGE][PASSED] - Object 'Object Repository/Page_PeeBu/footer_Polythecnic Of Leiria' is present

2020-03-29 14:12:58 - [MESSAGE][PASSED] - Browser is closed

2020-03-29 14:12:58 - [MESSAGE][PASSED] - I verify that the element Object Repository/Page_PeeBu/footer_Polythecnic Of Leiria is present

2020-03-29 14:12:59 - [MESSAGE][PASSED] - Feature file: 'Include/features/CheckLandingPageLoaded.feature' was passed]]></system-out>
         <system-err><![CDATA[]]></system-err>
      </testcase>
      <system-out><![CDATA[2020-03-29 14:12:01 - [TEST_SUITE][PASSED] - LandingPageTestSuite: Test Cases/RunCheckLandingPageLoadedFeature]]></system-out>
      <system-err><![CDATA[]]></system-err>
   </testsuite>
</testsuites>
